#
# A fatal error has been detected by the Java Runtime Environment:
#
#  EXCEPTION_ACCESS_VIOLATION (0xc0000005) at pc=0x00007ffd79899240, pid=12792, tid=3140
#
# JRE version: OpenJDK Runtime Environment JBR-17.0.7+7-1000.6-jcef (17.0.7+7) (build 17.0.7+7-b1000.6)
# Java VM: OpenJDK 64-Bit Server VM JBR-17.0.7+7-1000.6-jcef (17.0.7+7-b1000.6, mixed mode, tiered, compressed oops, compressed class ptrs, g1 gc, windows-amd64)
# Problematic frame:
# V  [jvm.dll+0x3a9240]
#
# No core dump will be written. Minidumps are not enabled by default on client versions of Windows
#
# If you would like to submit a bug report, please visit:
#   https://youtrack.jetbrains.com/issues/JBR
#

---------------  S U M M A R Y ------------

Command Line: -Djava.rmi.server.hostname=127.0.0.1 -Duser.timezone=UTC -Xmx2048m -Xms128m -Djna.boot.library.path=C:\Program Files\JetBrains\IntelliJ IDEA 2023.2/lib/jna/amd64 -Djna.nosys=true -Djna.noclasspath=true -Djdbc.classpath=C:\Program Files\JetBrains\IntelliJ IDEA 2023.2\plugins\DatabaseTools\lib\jdbc-console.jar;C:\Users\AAA\AppData\Roaming\JetBrains\IntelliJIdea2023.2\jdbc-drivers\MySQL ConnectorJ\8.0.25\mysql-connector-java-8.0.25.jar --add-exports=java.desktop/sun.awt=ALL-UNNAMED --add-exports=java.desktop/java.awt.peer=ALL-UNNAMED --add-opens=java.desktop/java.awt=ALL-UNNAMED --add-opens=jdk.unsupported/sun.misc=ALL-UNNAMED --add-opens=java.base/java.nio=ALL-UNNAMED --add-opens=java.base/java.util=ALL-UNNAMED -Dfile.encoding=UTF-8 com.intellij.database.remote.RemoteJdbcServer com.mysql.cj.jdbc.Driver

Host: Intel(R) Core(TM) i7-4500U CPU @ 1.80GHz, 4 cores, 3G,  Windows 10 , 64 bit Build 19041 (10.0.19041.3636)
Time: Fri Dec  1 19:06:25 2023 SE Asia Standard Time elapsed time: 3608.777616 seconds (0d 1h 0m 8s)

---------------  T H R E A D  ---------------

Current thread (0x00000237352ef2a0):  GCTaskThread "GC Thread#3" [stack: 0x000000688f900000,0x000000688fa00000] [id=3140]

Stack: [0x000000688f900000,0x000000688fa00000],  sp=0x000000688f9ff558,  free space=1021k
Native frames: (J=compiled Java code, j=interpreted, Vv=VM code, C=native code)
V  [jvm.dll+0x3a9240]


siginfo: EXCEPTION_ACCESS_VIOLATION (0xc0000005), reading address 0xffffffffffffffff


Register to memory mapping:

RIP=0x00007ffd79899240 jvm.dll
RAX=0x00000237352ef2a0 points into unknown readable memory: 0x00007ffd79ef1100 | 00 11 ef 79 fd 7f 00 00
RBX=0xda5c8fd8da5c8fd8 is an unknown value
RCX=0xda5c8fd8da5c8fd8 is an unknown value
RDX=0x0000000000000001 is an unknown value
RSP=0x000000688f9ff558 points into unknown readable memory: 0x00007ffd79724308 | 08 43 72 79 fd 7f 00 00
RBP=0x000002371a36d290 is at entry_point+-432 in (nmethod*)0x000002371a36d290
RSI=0x00000000000003d8 is an unknown value
RDI=0x0 is NULL
R8 =0x0000000000000003 is an unknown value
R9 =0x000000000000f801 is an unknown value
R10=0x000002371a36d422 is at entry_point+-30 in (nmethod*)0x000002371a36d290
R11=0x000000688f9ff520 points into unknown readable memory: 0x000000688dffe590 | 90 e5 ff 8d 68 00 00 00
R12=0x0000000000000001 is an unknown value
R13=0x00000237307038b0 points into unknown readable memory: 0x6e616c2e6176616a | 6a 61 76 61 2e 6c 61 6e
R14=0x00000237352f7b10 points into unknown readable memory: 0x003a010000000002 | 02 00 00 00 00 01 3a 00
R15=0x00000237307038a0 points into unknown readable memory: 0x0000000000000000 | 00 00 00 00 00 00 00 00


Registers:
RAX=0x00000237352ef2a0, RBX=0xda5c8fd8da5c8fd8, RCX=0xda5c8fd8da5c8fd8, RDX=0x0000000000000001
RSP=0x000000688f9ff558, RBP=0x000002371a36d290, RSI=0x00000000000003d8, RDI=0x0000000000000000
R8 =0x0000000000000003, R9 =0x000000000000f801, R10=0x000002371a36d422, R11=0x000000688f9ff520
R12=0x0000000000000001, R13=0x00000237307038b0, R14=0x00000237352f7b10, R15=0x00000237307038a0
RIP=0x00007ffd79899240, EFLAGS=0x0000000000010286

Top of Stack: (sp=0x000000688f9ff558)
0x000000688f9ff558:   00007ffd79724308 00007ffd79e5a4b8
0x000000688f9ff568:   000000688dfff318 0000000000000000
0x000000688f9ff578:   00000000000003d8 000000688dffe590
0x000000688f9ff588:   0000000000000010 0000000000000000
0x000000688f9ff598:   0000000000000010 0000000000000001
0x000000688f9ff5a8:   0000000000000001 000000688f9ff6f0
0x000000688f9ff5b8:   00007ffd79b49878 000002371a36d290
0x000000688f9ff5c8:   00007ffd79b6d29f 0000023730703c88
0x000000688f9ff5d8:   00000000000003d8 0000000000000010
0x000000688f9ff5e8:   00007ffd79b7e723 000000000000000b
0x000000688f9ff5f8:   0000000000000000 000002373040a648
0x000000688f9ff608:   00007ffd79cf0f0e 000002371a35d590
0x000000688f9ff618:   0000023714ac4e90 0000000000000001
0x000000688f9ff628:   0000023714ac4e90 0000006800000002
0x000000688f9ff638:   00007ffd79d40001 000002371a36f390
0x000000688f9ff648:   0000023714ac4e90 0000000000000001 

Instructions: (pc=0x00007ffd79899240)
0x00007ffd79899140:   18 48 83 f8 f7 76 18 4c 8d 05 9a c5 57 00 ba 08
0x00007ffd79899150:   00 00 00 49 8b ce e8 d5 38 d0 ff 49 8b 46 18 48
0x00007ffd79899160:   8d 48 08 49 3b 4e 20 76 11 45 33 c0 49 8b ce 41
0x00007ffd79899170:   8d 50 08 e8 78 36 d0 ff eb 04 49 89 4e 18 4c 89
0x00007ffd79899180:   38 48 63 53 68 48 8b 4b 60 c6 04 0a 02 48 63 53
0x00007ffd79899190:   68 48 8b 4b 58 48 89 04 d1 ff 43 68 eb 36 48 63
0x00007ffd798991a0:   4b 68 48 8b 43 60 48 8b 17 c6 04 01 03 48 63 4b
0x00007ffd798991b0:   68 48 8b 43 58 48 89 14 c8 ff 43 68 eb 16 ba b6
0x00007ffd798991c0:   00 00 00 48 8d 0d 96 cd 5c 00 e8 a1 19 ea ff e8
0x00007ffd798991d0:   9c a5 2d 00 ff c6 48 83 c7 10 3b b5 00 01 00 00
0x00007ffd798991e0:   0f 8c 7a fe ff ff 4c 8b 7c 24 60 4c 8b 74 24 58
0x00007ffd798991f0:   4c 8b 64 24 50 48 83 c4 20 41 5d 5f 5e 5d 5b c3
0x00007ffd79899200:   7e 90 3a 00 7e 90 3a 00 d1 90 3a 00 f6 90 3a 00
0x00007ffd79899210:   be 91 3a 00 7e 90 3a 00 7e 90 3a 00 9f 90 3a 00
0x00007ffd79899220:   2a 91 3a 00 be 91 3a 00 be 91 3a 00 9e 91 3a 00
0x00007ffd79899230:   83 39 0c 0f 94 c0 c3 cc cc cc cc cc cc cc cc cc
0x00007ffd79899240:   48 8b 81 10 01 00 00 c3 cc cc cc cc cc cc cc cc
0x00007ffd79899250:   48 63 c2 48 c1 e0 04 48 03 c1 c3 cc cc cc cc cc
0x00007ffd79899260:   48 83 ec 18 48 63 81 00 01 00 00 48 03 c0 c7 04
0x00007ffd79899270:   24 0a 00 00 00 89 54 24 08 0f 10 04 24 0f 11 04
0x00007ffd79899280:   c1 ff 81 00 01 00 00 ff 81 04 01 00 00 48 83 c4
0x00007ffd79899290:   18 c3 cc cc cc cc cc cc cc cc cc cc cc cc cc cc
0x00007ffd798992a0:   48 83 ec 18 48 63 81 00 01 00 00 48 03 c0 c7 04
0x00007ffd798992b0:   24 0f 00 00 00 48 89 54 24 08 0f 10 04 24 0f 11
0x00007ffd798992c0:   04 c1 ff 81 00 01 00 00 ff 81 04 01 00 00 48 83
0x00007ffd798992d0:   c4 18 c3 cc cc cc cc cc cc cc cc cc cc cc cc cc
0x00007ffd798992e0:   48 83 ec 18 48 63 81 00 01 00 00 48 03 c0 c7 04
0x00007ffd798992f0:   24 0b 00 00 00 48 89 54 24 08 0f 10 04 24 0f 11
0x00007ffd79899300:   04 c1 ff 81 00 01 00 00 83 81 04 01 00 00 02 48
0x00007ffd79899310:   83 c4 18 c3 cc cc cc cc cc cc cc cc cc cc cc cc
0x00007ffd79899320:   48 83 ec 18 48 63 81 00 01 00 00 48 03 c0 c7 04
0x00007ffd79899330:   24 0c 00 00 00 48 89 54 24 08 0f 10 04 24 0f 11 


Stack slot to memory mapping:
stack at sp + 0 slots: 0x00007ffd79724308 jvm.dll
stack at sp + 1 slots: 0x00007ffd79e5a4b8 jvm.dll
stack at sp + 2 slots: 0x000000688dfff318 points into unknown readable memory: 0x00007ffd79e54980 | 80 49 e5 79 fd 7f 00 00
stack at sp + 3 slots: 0x0 is NULL
stack at sp + 4 slots: 0x00000000000003d8 is an unknown value
stack at sp + 5 slots: 0x000000688dffe590 points into unknown readable memory: 0x00007ffd79e38028 | 28 80 e3 79 fd 7f 00 00
stack at sp + 6 slots: 0x0000000000000010 is an unknown value
stack at sp + 7 slots: 0x0 is NULL


---------------  P R O C E S S  ---------------

Threads class SMR info:
_java_thread_list=0x0000023735019590, length=22, elements={
0x0000023716b8e630, 0x000002373042e610, 0x0000023730430dc0, 0x000002373041c290,
0x000002373044e680, 0x000002373067a830, 0x000002373067b0f0, 0x00000237306803b0,
0x0000023730681450, 0x0000023730693450, 0x0000023730805640, 0x0000023730805f10,
0x0000023730903980, 0x00000237350b8270, 0x0000023735078020, 0x00000237350784f0,
0x00000237350789c0, 0x00000237350d8c50, 0x00000237351c5680, 0x00000237351c39a0,
0x00000237351c3e70, 0x00000237351c4ce0
}

Java Threads: ( => current thread )
  0x0000023716b8e630 JavaThread "main" [_thread_blocked, id=9472, stack(0x000000688d900000,0x000000688da00000)]
  0x000002373042e610 JavaThread "Reference Handler" daemon [_thread_blocked, id=7852, stack(0x000000688e000000,0x000000688e100000)]
  0x0000023730430dc0 JavaThread "Finalizer" daemon [_thread_blocked, id=6796, stack(0x000000688e100000,0x000000688e200000)]
  0x000002373041c290 JavaThread "Signal Dispatcher" daemon [_thread_blocked, id=10944, stack(0x000000688e200000,0x000000688e300000)]
  0x000002373044e680 JavaThread "Attach Listener" daemon [_thread_blocked, id=892, stack(0x000000688e300000,0x000000688e400000)]
  0x000002373067a830 JavaThread "Service Thread" daemon [_thread_blocked, id=5528, stack(0x000000688e400000,0x000000688e500000)]
  0x000002373067b0f0 JavaThread "Monitor Deflation Thread" daemon [_thread_blocked, id=6556, stack(0x000000688e500000,0x000000688e600000)]
  0x00000237306803b0 JavaThread "C2 CompilerThread0" daemon [_thread_blocked, id=10568, stack(0x000000688e600000,0x000000688e700000)]
  0x0000023730681450 JavaThread "C1 CompilerThread0" daemon [_thread_blocked, id=7220, stack(0x000000688e700000,0x000000688e800000)]
  0x0000023730693450 JavaThread "Sweeper thread" daemon [_thread_blocked, id=8528, stack(0x000000688e800000,0x000000688e900000)]
  0x0000023730805640 JavaThread "Common-Cleaner" daemon [_thread_blocked, id=10480, stack(0x000000688e900000,0x000000688ea00000)]
  0x0000023730805f10 JavaThread "Notification Thread" daemon [_thread_blocked, id=1240, stack(0x000000688ea00000,0x000000688eb00000)]
  0x0000023730903980 JavaThread "mysql-cj-abandoned-connection-cleanup" daemon [_thread_blocked, id=10552, stack(0x000000688ec00000,0x000000688ed00000)]
  0x00000237350b8270 JavaThread "RMI TCP Accept-10618" daemon [_thread_in_native, id=10664, stack(0x000000688ed00000,0x000000688ee00000)]
  0x0000023735078020 JavaThread "RMI TCP Accept-0" daemon [_thread_in_native, id=11712, stack(0x000000688ee00000,0x000000688ef00000)]
  0x00000237350784f0 JavaThread "RMI Reaper" [_thread_blocked, id=12440, stack(0x000000688ef00000,0x000000688f000000)]
  0x00000237350789c0 JavaThread "RMI GC Daemon" daemon [_thread_blocked, id=12480, stack(0x000000688f000000,0x000000688f100000)]
  0x00000237350d8c50 JavaThread "RMI TCP Connection(2)-127.0.0.1" daemon [_thread_in_native, id=7988, stack(0x000000688f100000,0x000000688f200000)]
  0x00000237351c5680 JavaThread "RMI Scheduler(0)" daemon [_thread_blocked, id=10376, stack(0x000000688f400000,0x000000688f500000)]
  0x00000237351c39a0 JavaThread "RMI TCP Connection(4)-127.0.0.1" daemon [_thread_in_native, id=7660, stack(0x000000688f500000,0x000000688f600000)]
  0x00000237351c3e70 JavaThread "RMI RenewClean-[127.0.0.1:63496]" daemon [_thread_blocked, id=10580, stack(0x000000688f600000,0x000000688f700000)]
  0x00000237351c4ce0 JavaThread "RMI TCP Connection(5)-127.0.0.1" daemon [_thread_in_native, id=6336, stack(0x000000688d600000,0x000000688d700000)]

Other Threads:
  0x000002373040b7d0 VMThread "VM Thread" [stack: 0x000000688df00000,0x000000688e000000] [id=3400]
  0x0000023730822460 WatcherThread [stack: 0x000000688eb00000,0x000000688ec00000] [id=12684]
  0x0000023716bea960 GCTaskThread "GC Thread#0" [stack: 0x000000688da00000,0x000000688db00000] [id=5312]
  0x0000023735170b20 GCTaskThread "GC Thread#1" [stack: 0x000000688f700000,0x000000688f800000] [id=11948]
  0x0000023735170dd0 GCTaskThread "GC Thread#2" [stack: 0x000000688f800000,0x000000688f900000] [id=12296]
=>0x00000237352ef2a0 GCTaskThread "GC Thread#3" [stack: 0x000000688f900000,0x000000688fa00000] [id=3140]
  0x0000023716bfb7b0 ConcurrentGCThread "G1 Main Marker" [stack: 0x000000688db00000,0x000000688dc00000] [id=9336]
  0x0000023716bfc870 ConcurrentGCThread "G1 Conc#0" [stack: 0x000000688dc00000,0x000000688dd00000] [id=7420]
  0x0000023716c5e760 ConcurrentGCThread "G1 Refine#0" [stack: 0x000000688dd00000,0x000000688de00000] [id=8156]
  0x00000237352ef550 ConcurrentGCThread "G1 Refine#1" [stack: 0x000000688fa00000,0x000000688fb00000] [id=12280]
  0x0000023730265220 ConcurrentGCThread "G1 Service" [stack: 0x000000688de00000,0x000000688df00000] [id=9864]

Threads with active compile tasks:

VM state: at safepoint (normal execution)

VM Mutex/Monitor currently owned by a thread:  ([mutex/lock_event])
[0x0000023716b87ec0] Threads_lock - owner thread: 0x000002373040b7d0
[0x0000023716b88070] Heap_lock - owner thread: 0x00000237350789c0

Heap address: 0x0000000080000000, size: 2048 MB, Compressed Oops mode: 32-bit

CDS archive(s) not mapped
Compressed class space mapped at: 0x0000000100000000-0x0000000140000000, reserved size: 1073741824
Narrow klass base: 0x0000000000000000, Narrow klass shift: 3, Narrow klass range: 0x140000000

GC Precious Log:
 CPUs: 4 total, 4 available
 Memory: 3979M
 Large Page Support: Disabled
 NUMA Support: Disabled
 Compressed Oops: Enabled (32-bit)
 Heap Region Size: 1M
 Heap Min Capacity: 128M
 Heap Initial Capacity: 128M
 Heap Max Capacity: 2G
 Pre-touch: Disabled
 Parallel Workers: 4
 Concurrent Workers: 1
 Concurrent Refinement Workers: 4
 Periodic GC: Disabled

Heap:
 garbage-first heap   total 131072K, used 15065K [0x0000000080000000, 0x0000000100000000)
  region size 1024K, 7 young (7168K), 2 survivors (2048K)
 Metaspace       used 23877K, committed 24192K, reserved 1114112K
  class space    used 2474K, committed 2624K, reserved 1048576K

Heap Regions: E=young(eden), S=young(survivor), O=old, HS=humongous(starts), HC=humongous(continues), CS=collection set, F=free, OA=open archive, CA=closed archive, TAMS=top-at-mark-start (previous, next)
|   0|0x0000000080000000, 0x0000000080100000, 0x0000000080100000|100%|HS|  |TAMS 0x0000000080100000, 0x0000000080000000| Complete 
|   1|0x0000000080100000, 0x0000000080200000, 0x0000000080200000|100%|HC|  |TAMS 0x0000000080200000, 0x0000000080100000| Complete 
|   2|0x0000000080200000, 0x0000000080300000, 0x0000000080300000|100%|HC|  |TAMS 0x0000000080300000, 0x0000000080200000| Complete 
|   3|0x0000000080300000, 0x0000000080400000, 0x0000000080400000|100%|HS|  |TAMS 0x0000000080400000, 0x0000000080300000| Complete 
|   4|0x0000000080400000, 0x0000000080500000, 0x0000000080500000|100%| O|  |TAMS 0x0000000080500000, 0x0000000080400000| Untracked 
|   5|0x0000000080500000, 0x0000000080600000, 0x0000000080600000|100%| O|  |TAMS 0x000000008059c400, 0x0000000080500000| Untracked 
|   6|0x0000000080600000, 0x0000000080700000, 0x0000000080700000|100%| O|  |TAMS 0x0000000080600000, 0x0000000080600000| Untracked 
|   7|0x0000000080700000, 0x0000000080800000, 0x0000000080800000|100%| O|  |TAMS 0x0000000080700000, 0x0000000080700000| Untracked 
|   8|0x0000000080800000, 0x0000000080900000, 0x0000000080900000|100%| O|  |TAMS 0x0000000080800000, 0x0000000080800000| Untracked 
|   9|0x0000000080900000, 0x000000008094ee00, 0x0000000080a00000| 30%| O|  |TAMS 0x0000000080900000, 0x0000000080900000| Untracked 
|  10|0x0000000080a00000, 0x0000000080a00000, 0x0000000080b00000|  0%| F|  |TAMS 0x0000000080a00000, 0x0000000080a00000| Untracked 
|  11|0x0000000080b00000, 0x0000000080b00000, 0x0000000080c00000|  0%| F|  |TAMS 0x0000000080b00000, 0x0000000080b00000| Untracked 
|  12|0x0000000080c00000, 0x0000000080c00000, 0x0000000080d00000|  0%| F|  |TAMS 0x0000000080c00000, 0x0000000080c00000| Untracked 
|  13|0x0000000080d00000, 0x0000000080d00000, 0x0000000080e00000|  0%| F|  |TAMS 0x0000000080d00000, 0x0000000080d00000| Untracked 
|  14|0x0000000080e00000, 0x0000000080e00000, 0x0000000080f00000|  0%| F|  |TAMS 0x0000000080e00000, 0x0000000080e00000| Untracked 
|  15|0x0000000080f00000, 0x0000000080f00000, 0x0000000081000000|  0%| F|  |TAMS 0x0000000080f00000, 0x0000000080f00000| Untracked 
|  16|0x0000000081000000, 0x0000000081000000, 0x0000000081100000|  0%| F|  |TAMS 0x0000000081000000, 0x0000000081000000| Untracked 
|  17|0x0000000081100000, 0x0000000081100000, 0x0000000081200000|  0%| F|  |TAMS 0x0000000081100000, 0x0000000081100000| Untracked 
|  18|0x0000000081200000, 0x0000000081200000, 0x0000000081300000|  0%| F|  |TAMS 0x0000000081200000, 0x0000000081200000| Untracked 
|  19|0x0000000081300000, 0x0000000081300000, 0x0000000081400000|  0%| F|  |TAMS 0x0000000081300000, 0x0000000081300000| Untracked 
|  20|0x0000000081400000, 0x0000000081400000, 0x0000000081500000|  0%| F|  |TAMS 0x0000000081400000, 0x0000000081400000| Untracked 
|  21|0x0000000081500000, 0x0000000081500000, 0x0000000081600000|  0%| F|  |TAMS 0x0000000081500000, 0x0000000081500000| Untracked 
|  22|0x0000000081600000, 0x0000000081600000, 0x0000000081700000|  0%| F|  |TAMS 0x0000000081600000, 0x0000000081600000| Untracked 
|  23|0x0000000081700000, 0x0000000081700000, 0x0000000081800000|  0%| F|  |TAMS 0x0000000081700000, 0x0000000081700000| Untracked 
|  24|0x0000000081800000, 0x0000000081800000, 0x0000000081900000|  0%| F|  |TAMS 0x0000000081800000, 0x0000000081800000| Untracked 
|  25|0x0000000081900000, 0x0000000081900000, 0x0000000081a00000|  0%| F|  |TAMS 0x0000000081900000, 0x0000000081900000| Untracked 
|  26|0x0000000081a00000, 0x0000000081a00000, 0x0000000081b00000|  0%| F|  |TAMS 0x0000000081a00000, 0x0000000081a00000| Untracked 
|  27|0x0000000081b00000, 0x0000000081b00000, 0x0000000081c00000|  0%| F|  |TAMS 0x0000000081b00000, 0x0000000081b00000| Untracked 
|  28|0x0000000081c00000, 0x0000000081c00000, 0x0000000081d00000|  0%| F|  |TAMS 0x0000000081c00000, 0x0000000081c00000| Untracked 
|  29|0x0000000081d00000, 0x0000000081d00000, 0x0000000081e00000|  0%| F|  |TAMS 0x0000000081d00000, 0x0000000081d00000| Untracked 
|  30|0x0000000081e00000, 0x0000000081e00000, 0x0000000081f00000|  0%| F|  |TAMS 0x0000000081e00000, 0x0000000081e00000| Untracked 
|  31|0x0000000081f00000, 0x0000000081f00000, 0x0000000082000000|  0%| F|  |TAMS 0x0000000081f00000, 0x0000000081f00000| Untracked 
|  32|0x0000000082000000, 0x0000000082000000, 0x0000000082100000|  0%| F|  |TAMS 0x0000000082000000, 0x0000000082000000| Untracked 
|  33|0x0000000082100000, 0x0000000082100000, 0x0000000082200000|  0%| F|  |TAMS 0x0000000082100000, 0x0000000082100000| Untracked 
|  34|0x0000000082200000, 0x0000000082200000, 0x0000000082300000|  0%| F|  |TAMS 0x0000000082200000, 0x0000000082200000| Untracked 
|  35|0x0000000082300000, 0x0000000082300000, 0x0000000082400000|  0%| F|  |TAMS 0x0000000082300000, 0x0000000082300000| Untracked 
|  36|0x0000000082400000, 0x0000000082400000, 0x0000000082500000|  0%| F|  |TAMS 0x0000000082400000, 0x0000000082400000| Untracked 
|  37|0x0000000082500000, 0x0000000082500000, 0x0000000082600000|  0%| F|  |TAMS 0x0000000082500000, 0x0000000082500000| Untracked 
|  38|0x0000000082600000, 0x0000000082600000, 0x0000000082700000|  0%| F|  |TAMS 0x0000000082600000, 0x0000000082600000| Untracked 
|  39|0x0000000082700000, 0x0000000082700000, 0x0000000082800000|  0%| F|  |TAMS 0x0000000082700000, 0x0000000082700000| Untracked 
|  40|0x0000000082800000, 0x0000000082800000, 0x0000000082900000|  0%| F|  |TAMS 0x0000000082800000, 0x0000000082800000| Untracked 
|  41|0x0000000082900000, 0x0000000082900000, 0x0000000082a00000|  0%| F|  |TAMS 0x0000000082900000, 0x0000000082900000| Untracked 
|  42|0x0000000082a00000, 0x0000000082a00000, 0x0000000082b00000|  0%| F|  |TAMS 0x0000000082a00000, 0x0000000082a00000| Untracked 
|  43|0x0000000082b00000, 0x0000000082b00000, 0x0000000082c00000|  0%| F|  |TAMS 0x0000000082b00000, 0x0000000082b00000| Untracked 
|  44|0x0000000082c00000, 0x0000000082c00000, 0x0000000082d00000|  0%| F|  |TAMS 0x0000000082c00000, 0x0000000082c00000| Untracked 
|  45|0x0000000082d00000, 0x0000000082d00000, 0x0000000082e00000|  0%| F|  |TAMS 0x0000000082d00000, 0x0000000082d00000| Untracked 
|  46|0x0000000082e00000, 0x0000000082e00000, 0x0000000082f00000|  0%| F|  |TAMS 0x0000000082e00000, 0x0000000082e00000| Untracked 
|  47|0x0000000082f00000, 0x0000000082f00000, 0x0000000083000000|  0%| F|  |TAMS 0x0000000082f00000, 0x0000000082f00000| Untracked 
|  48|0x0000000083000000, 0x0000000083000000, 0x0000000083100000|  0%| F|  |TAMS 0x0000000083000000, 0x0000000083000000| Untracked 
|  49|0x0000000083100000, 0x0000000083100000, 0x0000000083200000|  0%| F|  |TAMS 0x0000000083100000, 0x0000000083100000| Untracked 
|  50|0x0000000083200000, 0x0000000083200000, 0x0000000083300000|  0%| F|  |TAMS 0x0000000083200000, 0x0000000083200000| Untracked 
|  51|0x0000000083300000, 0x0000000083300000, 0x0000000083400000|  0%| F|  |TAMS 0x0000000083300000, 0x0000000083300000| Untracked 
|  52|0x0000000083400000, 0x0000000083400000, 0x0000000083500000|  0%| F|  |TAMS 0x0000000083400000, 0x0000000083400000| Untracked 
|  53|0x0000000083500000, 0x0000000083500000, 0x0000000083600000|  0%| F|  |TAMS 0x0000000083500000, 0x0000000083500000| Untracked 
|  54|0x0000000083600000, 0x0000000083600000, 0x0000000083700000|  0%| F|  |TAMS 0x0000000083600000, 0x0000000083600000| Untracked 
|  55|0x0000000083700000, 0x0000000083700000, 0x0000000083800000|  0%| F|  |TAMS 0x0000000083700000, 0x0000000083700000| Untracked 
|  56|0x0000000083800000, 0x0000000083800000, 0x0000000083900000|  0%| F|  |TAMS 0x0000000083800000, 0x0000000083800000| Untracked 
|  57|0x0000000083900000, 0x0000000083900000, 0x0000000083a00000|  0%| F|  |TAMS 0x0000000083900000, 0x0000000083900000| Untracked 
|  58|0x0000000083a00000, 0x0000000083a00000, 0x0000000083b00000|  0%| F|  |TAMS 0x0000000083a00000, 0x0000000083a00000| Untracked 
|  59|0x0000000083b00000, 0x0000000083b00000, 0x0000000083c00000|  0%| F|  |TAMS 0x0000000083b00000, 0x0000000083b00000| Untracked 
|  60|0x0000000083c00000, 0x0000000083c00000, 0x0000000083d00000|  0%| F|  |TAMS 0x0000000083c00000, 0x0000000083c00000| Untracked 
|  61|0x0000000083d00000, 0x0000000083d00000, 0x0000000083e00000|  0%| F|  |TAMS 0x0000000083d00000, 0x0000000083d00000| Untracked 
|  62|0x0000000083e00000, 0x0000000083e00000, 0x0000000083f00000|  0%| F|  |TAMS 0x0000000083e00000, 0x0000000083e00000| Untracked 
|  63|0x0000000083f00000, 0x0000000083f00000, 0x0000000084000000|  0%| F|  |TAMS 0x0000000083f00000, 0x0000000083f00000| Untracked 
|  64|0x0000000084000000, 0x0000000084000000, 0x0000000084100000|  0%| F|  |TAMS 0x0000000084000000, 0x0000000084000000| Untracked 
|  65|0x0000000084100000, 0x0000000084100000, 0x0000000084200000|  0%| F|  |TAMS 0x0000000084100000, 0x0000000084100000| Untracked 
|  66|0x0000000084200000, 0x0000000084200000, 0x0000000084300000|  0%| F|  |TAMS 0x0000000084200000, 0x0000000084200000| Untracked 
|  67|0x0000000084300000, 0x0000000084300000, 0x0000000084400000|  0%| F|  |TAMS 0x0000000084300000, 0x0000000084300000| Untracked 
|  68|0x0000000084400000, 0x0000000084400000, 0x0000000084500000|  0%| F|  |TAMS 0x0000000084400000, 0x0000000084400000| Untracked 
|  69|0x0000000084500000, 0x0000000084500000, 0x0000000084600000|  0%| F|  |TAMS 0x0000000084500000, 0x0000000084500000| Untracked 
|  70|0x0000000084600000, 0x0000000084600000, 0x0000000084700000|  0%| F|  |TAMS 0x0000000084600000, 0x0000000084600000| Untracked 
|  71|0x0000000084700000, 0x0000000084700000, 0x0000000084800000|  0%| F|  |TAMS 0x0000000084700000, 0x0000000084700000| Untracked 
|  72|0x0000000084800000, 0x0000000084800000, 0x0000000084900000|  0%| F|  |TAMS 0x0000000084800000, 0x0000000084800000| Untracked 
|  73|0x0000000084900000, 0x0000000084900000, 0x0000000084a00000|  0%| F|  |TAMS 0x0000000084900000, 0x0000000084900000| Untracked 
|  74|0x0000000084a00000, 0x0000000084a00000, 0x0000000084b00000|  0%| F|  |TAMS 0x0000000084a00000, 0x0000000084a00000| Untracked 
|  75|0x0000000084b00000, 0x0000000084b00000, 0x0000000084c00000|  0%| F|  |TAMS 0x0000000084b00000, 0x0000000084b00000| Untracked 
|  76|0x0000000084c00000, 0x0000000084c00000, 0x0000000084d00000|  0%| F|  |TAMS 0x0000000084c00000, 0x0000000084c00000| Untracked 
|  77|0x0000000084d00000, 0x0000000084d00000, 0x0000000084e00000|  0%| F|  |TAMS 0x0000000084d00000, 0x0000000084d00000| Untracked 
|  78|0x0000000084e00000, 0x0000000084e00000, 0x0000000084f00000|  0%| F|  |TAMS 0x0000000084e00000, 0x0000000084e00000| Untracked 
|  79|0x0000000084f00000, 0x0000000084f00000, 0x0000000085000000|  0%| F|  |TAMS 0x0000000084f00000, 0x0000000084f00000| Untracked 
|  80|0x0000000085000000, 0x0000000085000000, 0x0000000085100000|  0%| F|  |TAMS 0x0000000085000000, 0x0000000085000000| Untracked 
|  81|0x0000000085100000, 0x0000000085100000, 0x0000000085200000|  0%| F|  |TAMS 0x0000000085100000, 0x0000000085100000| Untracked 
|  82|0x0000000085200000, 0x0000000085200000, 0x0000000085300000|  0%| F|  |TAMS 0x0000000085200000, 0x0000000085200000| Untracked 
|  83|0x0000000085300000, 0x0000000085300000, 0x0000000085400000|  0%| F|  |TAMS 0x0000000085300000, 0x0000000085300000| Untracked 
|  84|0x0000000085400000, 0x0000000085400000, 0x0000000085500000|  0%| F|  |TAMS 0x0000000085400000, 0x0000000085400000| Untracked 
|  85|0x0000000085500000, 0x0000000085500000, 0x0000000085600000|  0%| F|  |TAMS 0x0000000085500000, 0x0000000085500000| Untracked 
|  86|0x0000000085600000, 0x0000000085600000, 0x0000000085700000|  0%| F|  |TAMS 0x0000000085600000, 0x0000000085600000| Untracked 
|  87|0x0000000085700000, 0x0000000085700000, 0x0000000085800000|  0%| F|  |TAMS 0x0000000085700000, 0x0000000085700000| Untracked 
|  88|0x0000000085800000, 0x0000000085800000, 0x0000000085900000|  0%| F|  |TAMS 0x0000000085800000, 0x0000000085800000| Untracked 
|  89|0x0000000085900000, 0x0000000085900000, 0x0000000085a00000|  0%| F|  |TAMS 0x0000000085900000, 0x0000000085900000| Untracked 
|  90|0x0000000085a00000, 0x0000000085a00000, 0x0000000085b00000|  0%| F|  |TAMS 0x0000000085a00000, 0x0000000085a00000| Untracked 
|  91|0x0000000085b00000, 0x0000000085b00000, 0x0000000085c00000|  0%| F|  |TAMS 0x0000000085b00000, 0x0000000085b00000| Untracked 
|  92|0x0000000085c00000, 0x0000000085c00000, 0x0000000085d00000|  0%| F|  |TAMS 0x0000000085c00000, 0x0000000085c00000| Untracked 
|  93|0x0000000085d00000, 0x0000000085d00000, 0x0000000085e00000|  0%| F|  |TAMS 0x0000000085d00000, 0x0000000085d00000| Untracked 
|  94|0x0000000085e00000, 0x0000000085e00000, 0x0000000085f00000|  0%| F|  |TAMS 0x0000000085e00000, 0x0000000085e00000| Untracked 
|  95|0x0000000085f00000, 0x0000000085f00000, 0x0000000086000000|  0%| F|  |TAMS 0x0000000085f00000, 0x0000000085f00000| Untracked 
|  96|0x0000000086000000, 0x0000000086000000, 0x0000000086100000|  0%| F|  |TAMS 0x0000000086000000, 0x0000000086000000| Untracked 
|  97|0x0000000086100000, 0x0000000086100000, 0x0000000086200000|  0%| F|  |TAMS 0x0000000086100000, 0x0000000086100000| Untracked 
|  98|0x0000000086200000, 0x0000000086200000, 0x0000000086300000|  0%| F|  |TAMS 0x0000000086200000, 0x0000000086200000| Untracked 
|  99|0x0000000086300000, 0x0000000086300000, 0x0000000086400000|  0%| F|  |TAMS 0x0000000086300000, 0x0000000086300000| Untracked 
| 100|0x0000000086400000, 0x0000000086400000, 0x0000000086500000|  0%| F|  |TAMS 0x0000000086400000, 0x0000000086400000| Untracked 
| 101|0x0000000086500000, 0x0000000086500000, 0x0000000086600000|  0%| F|  |TAMS 0x0000000086500000, 0x0000000086500000| Untracked 
| 102|0x0000000086600000, 0x0000000086600000, 0x0000000086700000|  0%| F|  |TAMS 0x0000000086600000, 0x0000000086600000| Untracked 
| 103|0x0000000086700000, 0x0000000086700000, 0x0000000086800000|  0%| F|  |TAMS 0x0000000086700000, 0x0000000086700000| Untracked 
| 104|0x0000000086800000, 0x00000000868439f0, 0x0000000086900000| 26%| S|  |TAMS 0x0000000086800000, 0x0000000086800000| Complete 
| 105|0x0000000086900000, 0x0000000086a00000, 0x0000000086a00000|100%| S|  |TAMS 0x0000000086900000, 0x0000000086900000| Complete 
| 106|0x0000000086a00000, 0x0000000086a00000, 0x0000000086b00000|  0%| F|  |TAMS 0x0000000086a00000, 0x0000000086a00000| Untracked 
| 107|0x0000000086b00000, 0x0000000086b00000, 0x0000000086c00000|  0%| F|  |TAMS 0x0000000086b00000, 0x0000000086b00000| Untracked 
| 108|0x0000000086c00000, 0x0000000086c00000, 0x0000000086d00000|  0%| F|  |TAMS 0x0000000086c00000, 0x0000000086c00000| Untracked 
| 109|0x0000000086d00000, 0x0000000086d00000, 0x0000000086e00000|  0%| F|  |TAMS 0x0000000086d00000, 0x0000000086d00000| Untracked 
| 110|0x0000000086e00000, 0x0000000086e00000, 0x0000000086f00000|  0%| F|  |TAMS 0x0000000086e00000, 0x0000000086e00000| Untracked 
| 111|0x0000000086f00000, 0x0000000086f00000, 0x0000000087000000|  0%| F|  |TAMS 0x0000000086f00000, 0x0000000086f00000| Untracked 
| 112|0x0000000087000000, 0x0000000087000000, 0x0000000087100000|  0%| F|  |TAMS 0x0000000087000000, 0x0000000087000000| Untracked 
| 113|0x0000000087100000, 0x0000000087100000, 0x0000000087200000|  0%| F|  |TAMS 0x0000000087100000, 0x0000000087100000| Untracked 
| 114|0x0000000087200000, 0x0000000087200000, 0x0000000087300000|  0%| F|  |TAMS 0x0000000087200000, 0x0000000087200000| Untracked 
| 115|0x0000000087300000, 0x0000000087300000, 0x0000000087400000|  0%| F|  |TAMS 0x0000000087300000, 0x0000000087300000| Untracked 
| 116|0x0000000087400000, 0x0000000087400000, 0x0000000087500000|  0%| F|  |TAMS 0x0000000087400000, 0x0000000087400000| Untracked 
| 117|0x0000000087500000, 0x0000000087500000, 0x0000000087600000|  0%| F|  |TAMS 0x0000000087500000, 0x0000000087500000| Untracked 
| 118|0x0000000087600000, 0x0000000087600000, 0x0000000087700000|  0%| F|  |TAMS 0x0000000087600000, 0x0000000087600000| Untracked 
| 119|0x0000000087700000, 0x0000000087700000, 0x0000000087800000|  0%| F|  |TAMS 0x0000000087700000, 0x0000000087700000| Untracked 
| 120|0x0000000087800000, 0x0000000087800000, 0x0000000087900000|  0%| F|  |TAMS 0x0000000087800000, 0x0000000087800000| Untracked 
| 121|0x0000000087900000, 0x0000000087900000, 0x0000000087a00000|  0%| F|  |TAMS 0x0000000087900000, 0x0000000087900000| Untracked 
| 122|0x0000000087a00000, 0x0000000087a00000, 0x0000000087b00000|  0%| F|  |TAMS 0x0000000087a00000, 0x0000000087a00000| Untracked 
| 123|0x0000000087b00000, 0x0000000087b23c88, 0x0000000087c00000| 13%| E|  |TAMS 0x0000000087b00000, 0x0000000087b00000| Complete 
| 124|0x0000000087c00000, 0x0000000087d00000, 0x0000000087d00000|100%| E|  |TAMS 0x0000000087c00000, 0x0000000087c00000| Complete 
| 125|0x0000000087d00000, 0x0000000087e00000, 0x0000000087e00000|100%| E|  |TAMS 0x0000000087d00000, 0x0000000087d00000| Complete 
| 126|0x0000000087e00000, 0x0000000087f00000, 0x0000000087f00000|100%| E|  |TAMS 0x0000000087e00000, 0x0000000087e00000| Complete 
| 127|0x0000000087f00000, 0x0000000088000000, 0x0000000088000000|100%| E|  |TAMS 0x0000000087f00000, 0x0000000087f00000| Complete 

Card table byte_map: [0x0000023729710000,0x0000023729b10000] _byte_map_base: 0x0000023729310000

Marking Bits (Prev, Next): (CMBitMap*) 0x0000023716beaec0, (CMBitMap*) 0x0000023716beae80
 Prev Bits: [0x000002372bf10000, 0x000002372df10000)
 Next Bits: [0x0000023729f10000, 0x000002372bf10000)

Polling page: 0x0000023716360000

Metaspace:

Usage:
  Non-class:     20.90 MB used.
      Class:      2.42 MB used.
       Both:     23.32 MB used.

Virtual space:
  Non-class space:       64.00 MB reserved,      21.06 MB ( 33%) committed,  1 nodes.
      Class space:        1.00 GB reserved,       2.56 MB ( <1%) committed,  1 nodes.
             Both:        1.06 GB reserved,      23.62 MB (  2%) committed. 

Chunk freelists:
   Non-Class:  10.36 MB
       Class:  13.47 MB
        Both:  23.83 MB

MaxMetaspaceSize: unlimited
CompressedClassSpaceSize: 1.00 GB
Initial GC threshold: 21.00 MB
Current GC threshold: 35.12 MB
CDS: off
MetaspaceReclaimPolicy: balanced
 - commit_granule_bytes: 65536.
 - commit_granule_words: 8192.
 - virtual_space_node_default_size: 8388608.
 - enlarge_chunks_in_place: 1.
 - new_chunks_are_fully_committed: 0.
 - uncommit_free_chunks: 1.
 - use_allocation_guard: 0.
 - handle_deallocations: 1.


Internal statistics:

num_allocs_failed_limit: 3.
num_arena_births: 322.
num_arena_deaths: 18.
num_vsnodes_births: 2.
num_vsnodes_deaths: 0.
num_space_committed: 378.
num_space_uncommitted: 0.
num_chunks_returned_to_freelist: 27.
num_chunks_taken_from_freelist: 714.
num_chunk_merges: 1.
num_chunk_splits: 409.
num_chunks_enlarged: 200.
num_inconsistent_stats: 0.

CodeHeap 'non-profiled nmethods': size=120000Kb used=893Kb max_used=893Kb free=119106Kb
 bounds [0x0000023721de0000, 0x0000023722050000, 0x0000023729310000]
CodeHeap 'profiled nmethods': size=120000Kb used=5238Kb max_used=5238Kb free=114761Kb
 bounds [0x000002371a310000, 0x000002371a830000, 0x0000023721840000]
CodeHeap 'non-nmethods': size=5760Kb used=1251Kb max_used=1277Kb free=4508Kb
 bounds [0x0000023721840000, 0x0000023721ab0000, 0x0000023721de0000]
 total_blobs=3111 nmethods=2555 adapters=468
 compilation: enabled
              stopped_count=0, restarted_count=0
 full_count=0

Compilation events (20 events):
Event: 3100.105 Thread 0x0000023730681450 2555       3       sun.rmi.transport.DGCAckHandler::<init> (67 bytes)
Event: 3100.115 Thread 0x0000023730681450 nmethod 2555 0x000002371a827210 code [0x000002371a827400, 0x000002371a827928]
Event: 3109.066 Thread 0x00000237306803b0 2559       4       java.io.ObjectInputStream$BlockDataInputStream::readLong (76 bytes)
Event: 3109.208 Thread 0x00000237306803b0 nmethod 2559 0x0000023721eba810 code [0x0000023721ebaae0, 0x0000023721ebc380]
Event: 3147.392 Thread 0x0000023730681450 2560       3       java.util.concurrent.ThreadPoolExecutor::beforeExecute (1 bytes)
Event: 3147.393 Thread 0x0000023730681450 nmethod 2560 0x000002371a827a90 code [0x000002371a827c20, 0x000002371a827d38]
Event: 3183.513 Thread 0x0000023730681450 2561       3       java.util.concurrent.ScheduledThreadPoolExecutor$DelayedWorkQueue::finishPoll (43 bytes)
Event: 3183.514 Thread 0x0000023730681450 nmethod 2561 0x000002371a827e10 code [0x000002371a827fe0, 0x000002371a828588]
Event: 3183.514 Thread 0x0000023730681450 2562       3       java.util.concurrent.locks.AbstractQueuedSynchronizer$ConditionObject::awaitNanos (200 bytes)
Event: 3183.517 Thread 0x0000023730681450 nmethod 2562 0x000002371a828710 code [0x000002371a8289e0, 0x000002371a829a28]
Event: 3192.556 Thread 0x0000023730681450 2563       3       java.util.concurrent.locks.AbstractQueuedSynchronizer$Node::setStatusRelaxed (12 bytes)
Event: 3192.557 Thread 0x0000023730681450 nmethod 2563 0x000002371a82a090 code [0x000002371a82a220, 0x000002371a82a338]
Event: 3255.603 Thread 0x0000023730681450 2564   !   3       java.util.concurrent.FutureTask::run (123 bytes)
Event: 3255.614 Thread 0x0000023730681450 nmethod 2564 0x000002371a82a410 code [0x000002371a82a8a0, 0x000002371a82cea8]
Event: 3372.372 Thread 0x00000237306803b0 2565       4       java.io.ObjectOutputStream$HandleTable::insert (39 bytes)
Event: 3372.380 Thread 0x00000237306803b0 nmethod 2565 0x0000023721ebd890 code [0x0000023721ebda20, 0x0000023721ebdd28]
Event: 3409.058 Thread 0x00000237306803b0 2566       4       java.io.ObjectOutputStream$HandleTable::assign (52 bytes)
Event: 3409.069 Thread 0x00000237306803b0 nmethod 2566 0x0000023721ebdf90 code [0x0000023721ebe140, 0x0000023721ebe508]
Event: 3598.406 Thread 0x00000237306803b0 2567       4       java.io.ObjectInputStream$HandleTable::assign (48 bytes)
Event: 3598.448 Thread 0x00000237306803b0 nmethod 2567 0x0000023721ebe810 code [0x0000023721ebe9c0, 0x0000023721ebf438]

GC Heap History (7 events):
Event: 1.720 GC heap before
{Heap before GC invocations=0 (full 0):
 garbage-first heap   total 131072K, used 16384K [0x0000000080000000, 0x0000000100000000)
  region size 1024K, 13 young (13312K), 0 survivors (0K)
 Metaspace       used 14017K, committed 14208K, reserved 1114112K
  class space    used 1453K, committed 1536K, reserved 1048576K
}
Event: 1.728 GC heap after
{Heap after GC invocations=1 (full 0):
 garbage-first heap   total 131072K, used 7793K [0x0000000080000000, 0x0000000100000000)
  region size 1024K, 2 young (2048K), 2 survivors (2048K)
 Metaspace       used 14017K, committed 14208K, reserved 1114112K
  class space    used 1453K, committed 1536K, reserved 1048576K
}
Event: 3.020 GC heap before
{Heap before GC invocations=1 (full 0):
 garbage-first heap   total 131072K, used 15985K [0x0000000080000000, 0x0000000100000000)
  region size 1024K, 12 young (12288K), 2 survivors (2048K)
 Metaspace       used 21194K, committed 21504K, reserved 1114112K
  class space    used 2278K, committed 2432K, reserved 1048576K
}
Event: 3.026 GC heap after
{Heap after GC invocations=2 (full 0):
 garbage-first heap   total 131072K, used 9550K [0x0000000080000000, 0x0000000100000000)
  region size 1024K, 2 young (2048K), 2 survivors (2048K)
 Metaspace       used 21194K, committed 21504K, reserved 1114112K
  class space    used 2278K, committed 2432K, reserved 1048576K
}
Event: 2381.177 GC heap before
{Heap before GC invocations=3 (full 0):
 garbage-first heap   total 131072K, used 30030K [0x0000000080000000, 0x0000000100000000)
  region size 1024K, 22 young (22528K), 2 survivors (2048K)
 Metaspace       used 23857K, committed 24192K, reserved 1114112K
  class space    used 2473K, committed 2624K, reserved 1048576K
}
Event: 2381.317 GC heap after
{Heap after GC invocations=4 (full 0):
 garbage-first heap   total 131072K, used 10825K [0x0000000080000000, 0x0000000100000000)
  region size 1024K, 2 young (2048K), 2 survivors (2048K)
 Metaspace       used 23857K, committed 24192K, reserved 1114112K
  class space    used 2473K, committed 2624K, reserved 1048576K
}
Event: 3608.361 GC heap before
{Heap before GC invocations=4 (full 0):
 garbage-first heap   total 131072K, used 14921K [0x0000000080000000, 0x0000000100000000)
  region size 1024K, 7 young (7168K), 2 survivors (2048K)
 Metaspace       used 23877K, committed 24192K, reserved 1114112K
  class space    used 2474K, committed 2624K, reserved 1048576K
}

Dll operation events (1 events):
Event: 0.191 Loaded shared library C:\Program Files\JetBrains\IntelliJ IDEA 2023.2\jbr\bin\java.dll

Deoptimization events (20 events):
Event: 327.075 Thread 0x00000237351c39a0 DEOPT PACKING pc=0x0000023721e5a8f0 sp=0x000000688f5fcf70
Event: 327.075 Thread 0x00000237351c39a0 DEOPT UNPACKING pc=0x00000237218969a3 sp=0x000000688f5fcf20 mode 2
Event: 327.079 Thread 0x00000237351c39a0 Uncommon trap: trap_request=0xffffffde fr.pc=0x0000023721e5a8f0 relative=0x00000000000005d0
Event: 327.079 Thread 0x00000237351c39a0 Uncommon trap: reason=class_check action=maybe_recompile pc=0x0000023721e5a8f0 method=java.util.HashMap.putVal(ILjava/lang/Object;Ljava/lang/Object;ZZ)Ljava/lang/Object; @ 253 c2
Event: 327.079 Thread 0x00000237351c39a0 DEOPT PACKING pc=0x0000023721e5a8f0 sp=0x000000688f5fcf70
Event: 327.079 Thread 0x00000237351c39a0 DEOPT UNPACKING pc=0x00000237218969a3 sp=0x000000688f5fcf20 mode 2
Event: 327.104 Thread 0x00000237351c39a0 DEOPT PACKING pc=0x000002371a593c3e sp=0x000000688f5fcaa0
Event: 327.105 Thread 0x00000237351c39a0 DEOPT UNPACKING pc=0x0000023721897143 sp=0x000000688f5fbed0 mode 0
Event: 327.550 Thread 0x00000237351c39a0 Uncommon trap: trap_request=0xffffff3d fr.pc=0x0000023721e9554c relative=0x00000000000003ac
Event: 327.550 Thread 0x00000237351c39a0 Uncommon trap: reason=unstable_fused_if action=reinterpret pc=0x0000023721e9554c method=java.io.ObjectOutputStream$BlockDataOutputStream.getUTFLength(Ljava/lang/String;)J @ 66 c2
Event: 327.550 Thread 0x00000237351c39a0 DEOPT PACKING pc=0x0000023721e9554c sp=0x000000688f5fdfb0
Event: 327.550 Thread 0x00000237351c39a0 DEOPT UNPACKING pc=0x00000237218969a3 sp=0x000000688f5fdf60 mode 2
Event: 881.325 Thread 0x00000237351c39a0 Uncommon trap: trap_request=0xffffffde fr.pc=0x0000023721e5a8f0 relative=0x00000000000005d0
Event: 881.325 Thread 0x00000237351c39a0 Uncommon trap: reason=class_check action=maybe_recompile pc=0x0000023721e5a8f0 method=java.util.HashMap.putVal(ILjava/lang/Object;Ljava/lang/Object;ZZ)Ljava/lang/Object; @ 253 c2
Event: 881.325 Thread 0x00000237351c39a0 DEOPT PACKING pc=0x0000023721e5a8f0 sp=0x000000688f5fcee0
Event: 881.325 Thread 0x00000237351c39a0 DEOPT UNPACKING pc=0x00000237218969a3 sp=0x000000688f5fce90 mode 2
Event: 881.326 Thread 0x00000237351c39a0 Uncommon trap: trap_request=0xffffffde fr.pc=0x0000023721e5a8f0 relative=0x00000000000005d0
Event: 881.326 Thread 0x00000237351c39a0 Uncommon trap: reason=class_check action=maybe_recompile pc=0x0000023721e5a8f0 method=java.util.HashMap.putVal(ILjava/lang/Object;Ljava/lang/Object;ZZ)Ljava/lang/Object; @ 253 c2
Event: 881.326 Thread 0x00000237351c39a0 DEOPT PACKING pc=0x0000023721e5a8f0 sp=0x000000688f5fcee0
Event: 881.326 Thread 0x00000237351c39a0 DEOPT UNPACKING pc=0x00000237218969a3 sp=0x000000688f5fce90 mode 2

Classes unloaded (20 events):
Event: 3608.465 Thread 0x000002373040b7d0 Unloading class 0x0000000100145c00 'java/lang/invoke/LambdaForm$MH+0x0000000100145c00'
Event: 3608.465 Thread 0x000002373040b7d0 Unloading class 0x0000000100145800 'java/lang/invoke/LambdaForm$MH+0x0000000100145800'
Event: 3608.465 Thread 0x000002373040b7d0 Unloading class 0x0000000100145000 'java/lang/invoke/LambdaForm$MH+0x0000000100145000'
Event: 3608.465 Thread 0x000002373040b7d0 Unloading class 0x0000000100144c00 'java/lang/invoke/LambdaForm$MH+0x0000000100144c00'
Event: 3608.465 Thread 0x000002373040b7d0 Unloading class 0x0000000100144800 'java/lang/invoke/LambdaForm$MH+0x0000000100144800'
Event: 3608.465 Thread 0x000002373040b7d0 Unloading class 0x0000000100144400 'java/lang/invoke/LambdaForm$MH+0x0000000100144400'
Event: 3608.465 Thread 0x000002373040b7d0 Unloading class 0x0000000100144000 'java/lang/invoke/LambdaForm$MH+0x0000000100144000'
Event: 3608.465 Thread 0x000002373040b7d0 Unloading class 0x0000000100143c00 'java/lang/invoke/LambdaForm$MH+0x0000000100143c00'
Event: 3608.465 Thread 0x000002373040b7d0 Unloading class 0x0000000100143000 'java/lang/invoke/LambdaForm$MH+0x0000000100143000'
Event: 3608.465 Thread 0x000002373040b7d0 Unloading class 0x0000000100142800 'java/lang/invoke/LambdaForm$MH+0x0000000100142800'
Event: 3608.465 Thread 0x000002373040b7d0 Unloading class 0x0000000100142000 'java/lang/invoke/LambdaForm$MH+0x0000000100142000'
Event: 3608.465 Thread 0x000002373040b7d0 Unloading class 0x0000000100141800 'java/lang/invoke/LambdaForm$MH+0x0000000100141800'
Event: 3608.465 Thread 0x000002373040b7d0 Unloading class 0x0000000100140c00 'java/lang/invoke/LambdaForm$MH+0x0000000100140c00'
Event: 3608.465 Thread 0x000002373040b7d0 Unloading class 0x0000000100140800 'java/lang/invoke/LambdaForm$MH+0x0000000100140800'
Event: 3608.465 Thread 0x000002373040b7d0 Unloading class 0x0000000100140000 'java/lang/invoke/LambdaForm$MH+0x0000000100140000'
Event: 3608.465 Thread 0x000002373040b7d0 Unloading class 0x00000001000d0400 'java/lang/invoke/LambdaForm$DMH+0x00000001000d0400'
Event: 3608.465 Thread 0x000002373040b7d0 Unloading class 0x00000001000cbc00 'java/lang/invoke/LambdaForm$DMH+0x00000001000cbc00'
Event: 3608.466 Thread 0x000002373040b7d0 Unloading class 0x00000001000c9400 'java/lang/invoke/LambdaForm$MH+0x00000001000c9400'
Event: 3608.467 Thread 0x000002373040b7d0 Unloading class 0x00000001000c8800 'java/lang/invoke/LambdaForm$MH+0x00000001000c8800'
Event: 3608.467 Thread 0x000002373040b7d0 Unloading class 0x00000001000c4400 'java/lang/invoke/LambdaForm$MH+0x00000001000c4400'

Classes redefined (0 events):
No events

Internal exceptions (20 events):
Event: 0.923 Thread 0x0000023716b8e630 Exception <a 'java/lang/NoSuchMethodError'{0x0000000087a750a0}: 'java.lang.Object java.lang.invoke.DirectMethodHandle$Holder.invokeStaticInit(java.lang.Object, java.lang.Object, int, int, int, int)'> (0x0000000087a750a0) 
thrown [s\src\hotspot\share\interpreter\linkResolver.cpp, line 771]
Event: 1.159 Thread 0x0000023716b8e630 Exception <a 'java/lang/NoSuchMethodError'{0x00000000878bee08}: 'java.lang.Object java.lang.invoke.Invokers$Holder.linkToTargetMethod(java.lang.Object, long, java.lang.Object)'> (0x00000000878bee08) 
thrown [s\src\hotspot\share\interpreter\linkResolver.cpp, line 771]
Event: 1.294 Thread 0x00000237351c6020 Exception <a 'java/lang/NoSuchMethodError'{0x0000000087625f48}: static [B.<clinit>()V> (0x0000000087625f48) 
thrown [s\src\hotspot\share\prims\jni.cpp, line 1108]
Event: 1.294 Thread 0x00000237351c39a0 Exception <a 'java/lang/NoSuchMethodError'{0x00000000876a1fc8}: static [B.<clinit>()V> (0x00000000876a1fc8) 
thrown [s\src\hotspot\share\prims\jni.cpp, line 1108]
Event: 1.436 Thread 0x00000237351c39a0 Exception <a 'java/lang/NoSuchMethodError'{0x00000000876cfbe8}: static [Ljava/rmi/server/ObjID;.<clinit>()V> (0x00000000876cfbe8) 
thrown [s\src\hotspot\share\prims\jni.cpp, line 1108]
Event: 1.441 Thread 0x00000237351c3e70 Exception <a 'java/lang/InterruptedException'{0x0000000087500000}> (0x0000000087500000) 
thrown [s\src\hotspot\share\runtime\objectMonitor.cpp, line 1658]
Event: 1.442 Thread 0x00000237351c39a0 Exception <a 'java/lang/NoSuchMethodError'{0x00000000876d74c0}: 'void java.lang.invoke.DirectMethodHandle$Holder.invokeSpecial(java.lang.Object, java.lang.Object, java.lang.Object)'> (0x00000000876d74c0) 
thrown [s\src\hotspot\share\interpreter\linkResolver.cpp, line 771]
Event: 1.442 Thread 0x00000237351c39a0 Exception <a 'java/lang/NoSuchMethodError'{0x00000000876daa28}: 'void java.lang.invoke.Invokers$Holder.invoke_MT(java.lang.Object, java.lang.Object, java.lang.Object)'> (0x00000000876daa28) 
thrown [s\src\hotspot\share\interpreter\linkResolver.cpp, line 771]
Event: 1.444 Thread 0x00000237351c3e70 Exception <a 'java/lang/NoSuchMethodError'{0x00000000875089f8}: 'java.lang.Object java.lang.invoke.DirectMethodHandle$Holder.newInvokeSpecial(java.lang.Object, java.lang.Object, int, java.lang.Object, long)'> (0x00000000875089f8) 
thrown [s\src\hotspot\share\interpreter\linkResolver.cpp, line 771]
Event: 1.733 Thread 0x00000237351c39a0 Exception <a 'java/lang/NoSuchMethodError'{0x0000000087f03220}: 'java.lang.Object java.lang.invoke.DirectMethodHandle$Holder.invokeInterface(java.lang.Object, java.lang.Object)'> (0x0000000087f03220) 
thrown [s\src\hotspot\share\interpreter\linkResolver.cpp, line 771]
Event: 1.850 Thread 0x00000237351c39a0 Exception <a 'java/lang/NoSuchMethodError'{0x0000000087fae1a8}: 'java.lang.Object java.lang.invoke.DirectMethodHandle$Holder.invokeVirtual(java.lang.Object, java.lang.Object, java.lang.Object)'> (0x0000000087fae1a8) 
thrown [s\src\hotspot\share\interpreter\linkResolver.cpp, line 771]
Event: 2.687 Thread 0x00000237351c39a0 Exception <a 'sun/nio/fs/WindowsException'{0x00000000878183e0}> (0x00000000878183e0) 
thrown [s\src\hotspot\share\prims\jni.cpp, line 517]
Event: 2.707 Thread 0x00000237351c39a0 Exception <a 'java/lang/NoSuchMethodError'{0x000000008783c6d0}: 'int java.lang.invoke.DirectMethodHandle$Holder.invokeStaticInit(java.lang.Object, java.lang.Object, java.lang.Object, java.lang.Object)'> (0x000000008783c6d0) 
thrown [s\src\hotspot\share\interpreter\linkResolver.cpp, line 771]
Event: 2.708 Thread 0x00000237351c39a0 Exception <a 'java/lang/IncompatibleClassChangeError'{0x000000008784a0b0}: Found class java.lang.Object, but interface was expected> (0x000000008784a0b0) 
thrown [s\src\hotspot\share\interpreter\linkResolver.cpp, line 838]
Event: 2.709 Thread 0x00000237351c39a0 Exception <a 'java/lang/NoSuchMethodError'{0x000000008784f578}: 'int java.lang.invoke.DirectMethodHandle$Holder.invokeStaticInit(java.lang.Object, java.lang.Object)'> (0x000000008784f578) 
thrown [s\src\hotspot\share\interpreter\linkResolver.cpp, line 771]
Event: 3.266 Thread 0x00000237351c39a0 Implicit null exception at 0x0000023721e0faf2 to 0x0000023721e100c8
Event: 3.267 Thread 0x00000237351c39a0 Exception <a 'java/lang/NoSuchMethodError'{0x0000000087dc9ed0}: 'java.lang.Object java.lang.invoke.DirectMethodHandle$Holder.newInvokeSpecial(java.lang.Object, java.lang.Object, int)'> (0x0000000087dc9ed0) 
thrown [s\src\hotspot\share\interpreter\linkResolver.cpp, line 771]
Event: 3.851 Thread 0x00000237351c39a0 Implicit null exception at 0x0000023721e36df2 to 0x0000023721e373d8
Event: 4.263 Thread 0x00000237351c39a0 Exception <a 'java/lang/NoSuchMethodError'{0x00000000878ca0a8}: static Lcom/intellij/database/remote/jdbc/RemoteResultSet$DataRetrievingOptions;.<clinit>()V> (0x00000000878ca0a8) 
thrown [s\src\hotspot\share\prims\jni.cpp, line 1108]
Event: 327.544 Thread 0x00000237351c39a0 Exception <a 'java/lang/NoSuchMethodError'{0x000000008716e460}: static [Ljava/lang/Object;.<clinit>()V> (0x000000008716e460) 
thrown [s\src\hotspot\share\prims\jni.cpp, line 1108]

VM Operations (20 events):
Event: 1479.320 Executing VM operation: Cleanup done
Event: 1798.432 Executing VM operation: Cleanup
Event: 1798.432 Executing VM operation: Cleanup done
Event: 1817.442 Executing VM operation: Cleanup
Event: 1817.442 Executing VM operation: Cleanup done
Event: 1821.443 Executing VM operation: Cleanup
Event: 1821.443 Executing VM operation: Cleanup done
Event: 1947.488 Executing VM operation: Cleanup
Event: 1947.488 Executing VM operation: Cleanup done
Event: 2096.547 Executing VM operation: Cleanup
Event: 2096.547 Executing VM operation: Cleanup done
Event: 2103.550 Executing VM operation: Cleanup
Event: 2103.550 Executing VM operation: Cleanup done
Event: 2211.604 Executing VM operation: Cleanup
Event: 2211.604 Executing VM operation: Cleanup done
Event: 2381.175 Executing VM operation: G1CollectForAllocation
Event: 2381.317 Executing VM operation: G1CollectForAllocation done
Event: 2383.318 Executing VM operation: Cleanup
Event: 2383.318 Executing VM operation: Cleanup done
Event: 3608.354 Executing VM operation: G1CollectFull

Events (20 events):
Event: 333.687 Thread 0x00000237351c6020 Thread exited: 0x00000237351c6020
Event: 333.688 Thread 0x00000237351c4340 Thread exited: 0x00000237351c4340
Event: 333.688 Thread 0x00000237351c69c0 Thread exited: 0x00000237351c69c0
Event: 892.471 Thread 0x00000237351c69c0 Thread added: 0x00000237351c69c0
Event: 892.472 Thread 0x00000237351c4340 Thread added: 0x00000237351c4340
Event: 892.472 Thread 0x00000237351c64f0 Thread added: 0x00000237351c64f0
Event: 892.473 Thread 0x00000237351c6e90 Thread added: 0x00000237351c6e90
Event: 892.473 Thread 0x00000237351c6020 Thread added: 0x00000237351c6020
Event: 892.473 Thread 0x00000237351c7360 Thread added: 0x00000237351c7360
Event: 892.473 Thread 0x00000237351c51b0 Thread added: 0x00000237351c51b0
Event: 892.475 Thread 0x00000237351c69c0 Thread exited: 0x00000237351c69c0
Event: 892.475 Thread 0x00000237351c4340 Thread exited: 0x00000237351c4340
Event: 892.476 Thread 0x00000237351c64f0 Thread exited: 0x00000237351c64f0
Event: 892.476 Thread 0x00000237351c6e90 Thread exited: 0x00000237351c6e90
Event: 892.476 Thread 0x00000237351c7360 Thread exited: 0x00000237351c7360
Event: 892.476 Thread 0x00000237351c51b0 Thread exited: 0x00000237351c51b0
Event: 892.476 Thread 0x00000237351c6020 Thread exited: 0x00000237351c6020
Event: 2381.321 loading class sun/rmi/transport/DGCClient$EndpointEntry$CleanRequest
Event: 2381.333 loading class sun/rmi/transport/DGCClient$EndpointEntry$CleanRequest done
Event: 3598.462 Thread 0x00000237351c4ce0 Thread added: 0x00000237351c4ce0


Dynamic libraries:
0x00007ff6360a0000 - 0x00007ff6360aa000 	C:\Program Files\JetBrains\IntelliJ IDEA 2023.2\jbr\bin\java.exe
0x00007ffdb7590000 - 0x00007ffdb7788000 	C:\Windows\SYSTEM32\ntdll.dll
0x00007ffdb6df0000 - 0x00007ffdb6ead000 	C:\Windows\System32\KERNEL32.DLL
0x00007ffdb52a0000 - 0x00007ffdb5596000 	C:\Windows\System32\KERNELBASE.dll
0x00007ffdb4dd0000 - 0x00007ffdb4ed0000 	C:\Windows\System32\ucrtbase.dll
0x00007ffda3fb0000 - 0x00007ffda3fc7000 	C:\Program Files\JetBrains\IntelliJ IDEA 2023.2\jbr\bin\jli.dll
0x00007ffd9e860000 - 0x00007ffd9e87b000 	C:\Program Files\JetBrains\IntelliJ IDEA 2023.2\jbr\bin\VCRUNTIME140.dll
0x00007ffdb5c70000 - 0x00007ffdb5e0e000 	C:\Windows\System32\USER32.dll
0x00007ffdb4d00000 - 0x00007ffdb4d22000 	C:\Windows\System32\win32u.dll
0x00007ffdb5ac0000 - 0x00007ffdb5aec000 	C:\Windows\System32\GDI32.dll
0x00007ffdb50d0000 - 0x00007ffdb51ea000 	C:\Windows\System32\gdi32full.dll
0x00007ffdb5030000 - 0x00007ffdb50cd000 	C:\Windows\System32\msvcp_win.dll
0x00007ffdb4020000 - 0x00007ffdb42ba000 	C:\Windows\WinSxS\amd64_microsoft.windows.common-controls_6595b64144ccf1df_6.0.19041.3636_none_60b6a03d71f818d5\COMCTL32.dll
0x00007ffdb56a0000 - 0x00007ffdb573e000 	C:\Windows\System32\msvcrt.dll
0x00007ffdb6360000 - 0x00007ffdb6390000 	C:\Windows\System32\IMM32.DLL
0x00007ffda9d50000 - 0x00007ffda9d5c000 	C:\Program Files\JetBrains\IntelliJ IDEA 2023.2\jbr\bin\vcruntime140_1.dll
0x00007ffd90de0000 - 0x00007ffd90e6d000 	C:\Program Files\JetBrains\IntelliJ IDEA 2023.2\jbr\bin\msvcp140.dll
0x00007ffd794f0000 - 0x00007ffd7a170000 	C:\Program Files\JetBrains\IntelliJ IDEA 2023.2\jbr\bin\server\jvm.dll
0x00007ffdb62a0000 - 0x00007ffdb634f000 	C:\Windows\System32\ADVAPI32.dll
0x00007ffdb6390000 - 0x00007ffdb642c000 	C:\Windows\System32\sechost.dll
0x00007ffdb6170000 - 0x00007ffdb6296000 	C:\Windows\System32\RPCRT4.dll
0x00007ffda3270000 - 0x00007ffda3279000 	C:\Windows\SYSTEM32\WSOCK32.dll
0x00007ffdb74e0000 - 0x00007ffdb754b000 	C:\Windows\System32\WS2_32.dll
0x00007ffda7530000 - 0x00007ffda7557000 	C:\Windows\SYSTEM32\WINMM.dll
0x00007ffdb19a0000 - 0x00007ffdb19aa000 	C:\Windows\SYSTEM32\VERSION.dll
0x00007ffdb1e30000 - 0x00007ffdb1e42000 	C:\Windows\SYSTEM32\kernel.appcore.dll
0x00007ffda9f90000 - 0x00007ffda9f9a000 	C:\Program Files\JetBrains\IntelliJ IDEA 2023.2\jbr\bin\jimage.dll
0x00007ffdb4680000 - 0x00007ffdb4864000 	C:\Windows\SYSTEM32\DBGHELP.DLL
0x00007ffdb4420000 - 0x00007ffdb4454000 	C:\Windows\SYSTEM32\dbgcore.DLL
0x00007ffdb4c70000 - 0x00007ffdb4cf2000 	C:\Windows\System32\bcryptPrimitives.dll
0x00007ffda9c60000 - 0x00007ffda9c85000 	C:\Program Files\JetBrains\IntelliJ IDEA 2023.2\jbr\bin\java.dll
0x00007ffda9d80000 - 0x00007ffda9d98000 	C:\Program Files\JetBrains\IntelliJ IDEA 2023.2\jbr\bin\zip.dll
0x00007ffdb66a0000 - 0x00007ffdb6de4000 	C:\Windows\System32\SHELL32.dll
0x00007ffdb2030000 - 0x00007ffdb27cb000 	C:\Windows\SYSTEM32\windows.storage.dll
0x00007ffdb5e10000 - 0x00007ffdb6164000 	C:\Windows\System32\combase.dll
0x00007ffdb3fb0000 - 0x00007ffdb3fdd000 	C:\Windows\SYSTEM32\Wldp.dll
0x00007ffdb55f0000 - 0x00007ffdb569d000 	C:\Windows\System32\SHCORE.dll
0x00007ffdb6f10000 - 0x00007ffdb6f65000 	C:\Windows\System32\shlwapi.dll
0x00007ffdb4ba0000 - 0x00007ffdb4bc5000 	C:\Windows\SYSTEM32\profapi.dll
0x00007ffda6150000 - 0x00007ffda6169000 	C:\Program Files\JetBrains\IntelliJ IDEA 2023.2\jbr\bin\net.dll
0x00007ffda80a0000 - 0x00007ffda81aa000 	C:\Windows\SYSTEM32\WINHTTP.dll
0x00007ffdb3e80000 - 0x00007ffdb3eea000 	C:\Windows\system32\mswsock.dll
0x00007ffda6130000 - 0x00007ffda6146000 	C:\Program Files\JetBrains\IntelliJ IDEA 2023.2\jbr\bin\nio.dll
0x00007ffdb3a00000 - 0x00007ffdb3a3b000 	C:\Windows\SYSTEM32\IPHLPAPI.DLL
0x00007ffdb5810000 - 0x00007ffdb5818000 	C:\Windows\System32\NSI.dll
0x00007ffda8be0000 - 0x00007ffda8bf7000 	C:\Windows\SYSTEM32\dhcpcsvc6.DLL
0x00007ffdaa430000 - 0x00007ffdaa44d000 	C:\Windows\SYSTEM32\dhcpcsvc.DLL
0x00007ffdb3a40000 - 0x00007ffdb3b0a000 	C:\Windows\SYSTEM32\DNSAPI.dll
0x00007ffdb49e0000 - 0x00007ffdb49f8000 	C:\Windows\SYSTEM32\CRYPTSP.dll
0x00007ffdb36a0000 - 0x00007ffdb36d4000 	C:\Windows\system32\rsaenh.dll
0x00007ffdb4da0000 - 0x00007ffdb4dc7000 	C:\Windows\System32\bcrypt.dll
0x00007ffdb4b20000 - 0x00007ffdb4b4e000 	C:\Windows\SYSTEM32\USERENV.dll
0x00007ffdb3f70000 - 0x00007ffdb3f7c000 	C:\Windows\SYSTEM32\CRYPTBASE.dll
0x00007ffdb2e50000 - 0x00007ffdb2e57000 	C:\Program Files\JetBrains\IntelliJ IDEA 2023.2\jbr\bin\rmi.dll
0x00007ffda4af0000 - 0x00007ffda4afa000 	C:\Windows\System32\rasadhlp.dll
0x00007ffda4d10000 - 0x00007ffda4d90000 	C:\Windows\System32\fwpuclnt.dll
0x00007ffda6040000 - 0x00007ffda604e000 	C:\Program Files\JetBrains\IntelliJ IDEA 2023.2\jbr\bin\sunmscapi.dll
0x00007ffdb4ed0000 - 0x00007ffdb502d000 	C:\Windows\System32\CRYPT32.dll
0x00007ffdb42c0000 - 0x00007ffdb42e7000 	C:\Windows\SYSTEM32\ncrypt.dll
0x00007ffdb3fe0000 - 0x00007ffdb401b000 	C:\Windows\SYSTEM32\NTASN1.dll

dbghelp: loaded successfully - version: 4.0.5 - missing functions: none
symbol engine: initialized successfully - sym options: 0x614 - pdb path: .;C:\Program Files\JetBrains\IntelliJ IDEA 2023.2\jbr\bin;C:\Windows\SYSTEM32;C:\Windows\WinSxS\amd64_microsoft.windows.common-controls_6595b64144ccf1df_6.0.19041.3636_none_60b6a03d71f818d5;C:\Program Files\JetBrains\IntelliJ IDEA 2023.2\jbr\bin\server

VM Arguments:
jvm_args: -Djava.rmi.server.hostname=127.0.0.1 -Duser.timezone=UTC -Xmx2048m -Xms128m -Djna.boot.library.path=C:\Program Files\JetBrains\IntelliJ IDEA 2023.2/lib/jna/amd64 -Djna.nosys=true -Djna.noclasspath=true -Djdbc.classpath=C:\Program Files\JetBrains\IntelliJ IDEA 2023.2\plugins\DatabaseTools\lib\jdbc-console.jar;C:\Users\AAA\AppData\Roaming\JetBrains\IntelliJIdea2023.2\jdbc-drivers\MySQL ConnectorJ\8.0.25\mysql-connector-java-8.0.25.jar --add-exports=java.desktop/sun.awt=ALL-UNNAMED --add-exports=java.desktop/java.awt.peer=ALL-UNNAMED --add-opens=java.desktop/java.awt=ALL-UNNAMED --add-opens=jdk.unsupported/sun.misc=ALL-UNNAMED --add-opens=java.base/java.nio=ALL-UNNAMED --add-opens=java.base/java.util=ALL-UNNAMED -Dfile.encoding=UTF-8 
java_command: com.intellij.database.remote.RemoteJdbcServer com.mysql.cj.jdbc.Driver
java_class_path (initial): C:\Program Files\JetBrains\IntelliJ IDEA 2023.2\lib\util_rt.jar;C:\Program Files\JetBrains\IntelliJ IDEA 2023.2\lib\util-8.jar;C:\Program Files\JetBrains\IntelliJ IDEA 2023.2\lib\groovy.jar;C:\Program Files\JetBrains\IntelliJ IDEA 2023.2\plugins\DatabaseTools\lib\jdbc-console.jar;C:\Program Files\JetBrains\IntelliJ IDEA 2023.2\plugins\grid-core-impl\lib\jdbc-console-types.jar;C:\Program Files\JetBrains\IntelliJ IDEA 2023.2\lib\util.jar;C:\Program Files\JetBrains\IntelliJ IDEA 2023.2\lib\bouncy-castle.jar
Launcher Type: SUN_STANDARD

[Global flags]
     intx CICompilerCount                          = 3                                         {product} {ergonomic}
     uint ConcGCThreads                            = 1                                         {product} {ergonomic}
     uint G1ConcRefinementThreads                  = 4                                         {product} {ergonomic}
   size_t G1HeapRegionSize                         = 1048576                                   {product} {ergonomic}
    uintx GCDrainStackTargetSize                   = 64                                        {product} {ergonomic}
   size_t InitialHeapSize                          = 134217728                                 {product} {command line}
   size_t MarkStackSize                            = 4194304                                   {product} {ergonomic}
   size_t MaxHeapSize                              = 2147483648                                {product} {command line}
   size_t MaxNewSize                               = 1287651328                                {product} {ergonomic}
   size_t MinHeapDeltaBytes                        = 1048576                                   {product} {ergonomic}
   size_t MinHeapSize                              = 134217728                                 {product} {command line}
    uintx NonNMethodCodeHeapSize                   = 5832780                                {pd product} {ergonomic}
    uintx NonProfiledCodeHeapSize                  = 122912730                              {pd product} {ergonomic}
    uintx ProfiledCodeHeapSize                     = 122912730                              {pd product} {ergonomic}
    uintx ReservedCodeCacheSize                    = 251658240                              {pd product} {ergonomic}
     bool SegmentedCodeCache                       = true                                      {product} {ergonomic}
   size_t SoftMaxHeapSize                          = 2147483648                             {manageable} {ergonomic}
     bool UseCompressedClassPointers               = true                           {product lp64_product} {ergonomic}
     bool UseCompressedOops                        = true                           {product lp64_product} {ergonomic}
     bool UseG1GC                                  = true                                      {product} {ergonomic}
     bool UseLargePagesIndividualAllocation        = false                                  {pd product} {ergonomic}

Logging:
Log output configuration:
 #0: stdout all=warning uptime,level,tags
 #1: stderr all=off uptime,level,tags

Environment Variables:
PATH=C:\Program Files (x86)\Common Files\Oracle\Java\javapath;C:\Windows\system32;C:\Windows;C:\Windows\System32\Wbem;C:\Windows\System32\WindowsPowerShell\v1.0\;C:\Windows\System32\OpenSSH\;C:\Program Files\nodejs\;C:\Program Files\MySQL\MySQL Shell 8.0\bin\;C:\Users\AAA\AppData\Local\Microsoft\WindowsApps;C:\Users\AAA\AppData\Local\Programs\Microsoft VS Code\bin;C:\Users\AAA\AppData\Roaming\npm
USERNAME=AAA
OS=Windows_NT
PROCESSOR_IDENTIFIER=Intel64 Family 6 Model 69 Stepping 1, GenuineIntel
TMP=C:\Users\AAA\AppData\Local\Temp
TEMP=C:\Users\AAA\AppData\Local\Temp


JNI global refs:
JNI global refs: 16, weak refs: 0

JNI global refs memory usage: 843, weak refs: 841

OOME stack traces (most recent first):
Classloader memory used:
Loader bootstrap                                                                       : 2370K
Loader com.intellij.database.remote.jdbc.impl.JdbcClassLoader$JdbcClassLoaderImpl      : 291K
Loader jdk.internal.loader.ClassLoaders$AppClassLoader                                 : 201K
Loader jdk.internal.loader.ClassLoaders$PlatformClassLoader                            : 91711B
Loader jdk.internal.reflect.DelegatingClassLoader                                      : 11276B


---------------  S Y S T E M  ---------------

OS:
 Windows 10 , 64 bit Build 19041 (10.0.19041.3636)
OS uptime: 2 days 1:00 hours

CPU: total 4 (initial active 4) (2 cores per cpu, 2 threads per core) family 6 model 69 stepping 1 microcode 0x25, cx8, cmov, fxsr, ht, mmx, sse, sse2, sse3, ssse3, sse4.1, sse4.2, popcnt, lzcnt, tsc, tscinvbit, avx, avx2, aes, erms, clmul, bmi1, bmi2, fma, vzeroupper, clflush

Memory: 4k page, system-wide physical 3979M (411M free)
TotalPageFile size 10780M (AvailPageFile size 2812M)
current process WorkingSet (physical memory assigned to process): 49M, peak: 109M
current process commit charge ("private bytes"): 234M, peak: 243M

vm_info: OpenJDK 64-Bit Server VM (17.0.7+7-b1000.6) for windows-amd64 JRE (17.0.7+7-b1000.6), built on 2023-07-07 by "builduser" with MS VC++ 16.10 / 16.11 (VS2019)

END.
